<?xml version="1.0" encoding="UTF-8"?>
<!-- Generated by org.testng.reporters.JUnitReportReporter -->
<testsuite skipped="0" hostname="IBM109-PC0GHXE2" name="com.training.sanity.tests.CheckMemberMessages" tests="5" failures="0" timestamp="22 Jan 2019 11:22:01 GMT" time="35.252" errors="0">
  <testcase name="checkAdminLogin" time="3.788" classname="com.training.sanity.tests.CheckMemberMessages"/>
  <testcase name="composeMessageCheck" time="10.619" classname="com.training.sanity.tests.CheckMemberMessages"/>
  <testcase name="composeMessageCheck" time="9.795" classname="com.training.sanity.tests.CheckMemberMessages"/>
  <testcase name="checkAdminLogout" time="0.387" classname="com.training.sanity.tests.CheckMemberMessages"/>
  <testcase name="checkMemberLogin" time="10.663" classname="com.training.sanity.tests.CheckMemberMessages"/>
</testsuite> <!-- com.training.sanity.tests.CheckMemberMessages -->
