<?xml version="1.0" encoding="UTF-8"?>
<!-- Generated by org.testng.reporters.JUnitReportReporter -->
<testsuite skipped="0" hostname="IBM109-PC0GHXE2" name="com.training.sanity.tests.AddNewAdvertCategory" tests="4" failures="0" timestamp="28 Jan 2019 18:51:21 GMT" time="32.297" errors="0">
  <testcase name="checkAdminLogin" time="3.967" classname="com.training.sanity.tests.AddNewAdvertCategory"/>
  <testcase name="AddCategory" time="10.175" classname="com.training.sanity.tests.AddNewAdvertCategory"/>
  <testcase name="addAdvertisement" time="12.042" classname="com.training.sanity.tests.AddNewAdvertCategory"/>
  <testcase name="checkAdvertMember" time="6.113" classname="com.training.sanity.tests.AddNewAdvertCategory"/>
</testsuite> <!-- com.training.sanity.tests.AddNewAdvertCategory -->
