<?xml version="1.0" encoding="UTF-8"?>
<!-- Generated by org.testng.reporters.JUnitReportReporter -->
<testsuite skipped="0" hostname="IBM109-PC0GHXE2" name="com.training.sanity.tests.ChangeMemberPasswordCheck" tests="2" failures="0" timestamp="14 Jan 2019 10:23:52 GMT" time="25.757" errors="0">
  <testcase name="validLoginTest" time="17.173" classname="com.training.sanity.tests.ChangeMemberPasswordCheck"/>
  <testcase name="memberpasswordCheck" time="8.584" classname="com.training.sanity.tests.ChangeMemberPasswordCheck"/>
</testsuite> <!-- com.training.sanity.tests.ChangeMemberPasswordCheck -->
