<?xml version="1.0" encoding="UTF-8"?>
<!-- Generated by org.testng.reporters.JUnitReportReporter -->
<testsuite skipped="0" hostname="IBM109-PC0GHXE2" name="com.training.regression.tests.LoginDBTest" tests="2" failures="0" timestamp="26 Jan 2019 11:17:00 GMT" time="1219.682" errors="0">
  <testcase name="loginDBTest" time="11.379" classname="com.training.regression.tests.LoginDBTest"/>
  <testcase name="loginDBTest" time="1208.303" classname="com.training.regression.tests.LoginDBTest"/>
</testsuite> <!-- com.training.regression.tests.LoginDBTest -->
