<?xml version="1.0" encoding="UTF-8"?>
<!-- Generated by org.testng.reporters.JUnitReportReporter -->
<testsuite skipped="0" hostname="IBM109-PC0GHXE2" name="com.training.sanity.tests.ChangeAdminPasswordCheck" tests="2" failures="0" timestamp="14 Jan 2019 06:44:50 GMT" time="19.807" errors="0">
  <testcase name="validLoginTest" time="13.645" classname="com.training.sanity.tests.ChangeAdminPasswordCheck"/>
  <testcase name="adminpasswordCheck" time="6.162" classname="com.training.sanity.tests.ChangeAdminPasswordCheck"/>
</testsuite> <!-- com.training.sanity.tests.ChangeAdminPasswordCheck -->
