<?xml version="1.0" encoding="UTF-8"?>
<!-- Generated by org.testng.reporters.JUnitReportReporter -->
<testsuite skipped="0" hostname="IBM109-PC0GHXE2" name="com.training.sanity.tests.CheckAdvertInvalidValues" tests="4" failures="0" timestamp="31 Jan 2019 09:32:18 GMT" time="39.309" errors="0">
  <testcase name="checkAdminLogin" time="2.730" classname="com.training.sanity.tests.CheckAdvertInvalidValues"/>
  <testcase name="addMultipleAvertisment" time="18.113" classname="com.training.sanity.tests.CheckAdvertInvalidValues"/>
  <testcase name="addMultipleAvertisment" time="0.000" classname="com.training.sanity.tests.CheckAdvertInvalidValues"/>
  <testcase name="addMultipleAvertisment" time="18.466" classname="com.training.sanity.tests.CheckAdvertInvalidValues"/>
</testsuite> <!-- com.training.sanity.tests.CheckAdvertInvalidValues -->
