<?xml version="1.0" encoding="UTF-8"?>
<!-- Generated by org.testng.reporters.JUnitReportReporter -->
<testsuite skipped="0" hostname="IBM109-PC0GHXE2" name="com.training.sanity.tests.ChangeMemberPasswordCheck" tests="2" failures="0" timestamp="16 Jan 2019 07:02:58 GMT" time="27.652" errors="0">
  <testcase name="validLoginTest" time="16.513" classname="com.training.sanity.tests.ChangeMemberPasswordCheck"/>
  <testcase name="memberpasswordCheck" time="11.139" classname="com.training.sanity.tests.ChangeMemberPasswordCheck"/>
</testsuite> <!-- com.training.sanity.tests.ChangeMemberPasswordCheck -->
