<?xml version="1.0" encoding="UTF-8"?>
<!-- Generated by org.testng.reporters.JUnitReportReporter -->
<testsuite skipped="0" hostname="IBM109-PC0GHXE2" name="com.training.sanity.tests.CheckMemberLoanDetails" tests="6" failures="0" timestamp="22 Jan 2019 13:08:29 GMT" time="15.519" errors="0">
  <testcase name="checkAdminLogin" time="2.422" classname="com.training.sanity.tests.CheckMemberLoanDetails"/>
  <testcase name="checkGrantLoan" time="9.107" classname="com.training.sanity.tests.CheckMemberLoanDetails"/>
  <testcase name="checkViewLoans" time="1.060" classname="com.training.sanity.tests.CheckMemberLoanDetails"/>
  <testcase name="checkAdminLogout" time="0.227" classname="com.training.sanity.tests.CheckMemberLoanDetails"/>
  <testcase name="checkMemberLogin" time="1.773" classname="com.training.sanity.tests.CheckMemberLoanDetails"/>
  <testcase name="checkMemberLoans" time="0.930" classname="com.training.sanity.tests.CheckMemberLoanDetails"/>
</testsuite> <!-- com.training.sanity.tests.CheckMemberLoanDetails -->
