<?xml version="1.0" encoding="UTF-8"?>
<!-- Generated by org.testng.reporters.JUnitReportReporter -->
<testsuite skipped="0" hostname="IBM109-PC0GHXE2" name="com.training.sanity.tests.CheckChangePassword" tests="1" failures="0" timestamp="08 Jan 2019 10:07:27 GMT" time="12.498" errors="0">
  <testcase name="validLoginTest" time="12.498" classname="com.training.sanity.tests.CheckChangePassword"/>
</testsuite> <!-- com.training.sanity.tests.CheckChangePassword -->
