<?xml version="1.0" encoding="UTF-8"?>
<!-- Generated by org.testng.reporters.JUnitReportReporter -->
<testsuite skipped="0" hostname="IBM109-PC0GHXE2" name="com.training.sanity.tests.LogoutTest" tests="1" failures="0" timestamp="14 Jan 2019 09:35:31 GMT" time="1.861" errors="0">
  <testcase name="logoutcheck" time="1.861" classname="com.training.sanity.tests.LogoutTest"/>
</testsuite> <!-- com.training.sanity.tests.LogoutTest -->
