<?xml version="1.0" encoding="UTF-8"?>
<!-- Generated by org.testng.reporters.JUnitReportReporter -->
<testsuite skipped="0" hostname="IBM109-PC0GHXE2" name="com.training.sanity.tests.CheckMemberAccess" tests="4" failures="0" timestamp="01 Feb 2019 06:50:59 GMT" time="16.849" errors="0">
  <testcase name="checkAdminLogin" time="0.771" classname="com.training.sanity.tests.CheckMemberAccess"/>
  <testcase name="changePermission" time="5.308" classname="com.training.sanity.tests.CheckMemberAccess"/>
  <testcase name="changePermission" time="5.239" classname="com.training.sanity.tests.CheckMemberAccess"/>
  <testcase name="changePermission" time="5.531" classname="com.training.sanity.tests.CheckMemberAccess"/>
</testsuite> <!-- com.training.sanity.tests.CheckMemberAccess -->
