<?xml version="1.0" encoding="UTF-8"?>
<!-- Generated by org.testng.reporters.JUnitReportReporter -->
<testsuite skipped="0" hostname="IBM109-PC0GHXE2" name="com.training.sanity.tests.CheckLoanRepayment" tests="3" failures="0" timestamp="22 Jan 2019 12:39:03 GMT" time="11.826" errors="0">
  <testcase name="checkLogin" time="2.252" classname="com.training.sanity.tests.CheckLoanRepayment"/>
  <testcase name="loanRemainingLoanBalance" time="6.748" classname="com.training.sanity.tests.CheckLoanRepayment"/>
  <testcase name="checkLoanRepayment" time="2.826" classname="com.training.sanity.tests.CheckLoanRepayment"/>
</testsuite> <!-- com.training.sanity.tests.CheckLoanRepayment -->
