<?xml version="1.0" encoding="UTF-8"?>
<!-- Generated by org.testng.reporters.JUnitReportReporter -->
<testsuite skipped="0" hostname="IBM109-PC0GHXE2" name="com.training.sanity.tests.CheckAdvertInvalidValuesCYTC_070" tests="4" failures="0" timestamp="01 Feb 2019 12:09:38 GMT" time="82.757" errors="0">
  <testcase name="checkAdminLogin" time="2.221" classname="com.training.sanity.tests.CheckAdvertInvalidValuesCYTC_070"/>
  <testcase name="addMultipleAvertisment" time="24.138" classname="com.training.sanity.tests.CheckAdvertInvalidValuesCYTC_070"/>
  <testcase name="addMultipleAvertisment" time="27.554" classname="com.training.sanity.tests.CheckAdvertInvalidValuesCYTC_070"/>
  <testcase name="addMultipleAvertisment" time="28.844" classname="com.training.sanity.tests.CheckAdvertInvalidValuesCYTC_070"/>
</testsuite> <!-- com.training.sanity.tests.CheckAdvertInvalidValuesCYTC_070 -->
