<?xml version="1.0" encoding="UTF-8"?>
<!-- Generated by org.testng.reporters.JUnitReportReporter -->
<testsuite skipped="0" hostname="IBM109-PC0GHXE2" name="com.training.sanity.tests.ChangeMemberPasswordCheck" tests="2" failures="0" timestamp="10 Jan 2019 13:26:41 GMT" time="20.746" errors="0">
  <testcase name="checkLogin" time="17.198" classname="com.training.sanity.tests.ChangeMemberPasswordCheck"/>
  <testcase name="checkpassword" time="3.548" classname="com.training.sanity.tests.ChangeMemberPasswordCheck"/>
</testsuite> <!-- com.training.sanity.tests.ChangeMemberPasswordCheck -->
