<?xml version="1.0" encoding="UTF-8"?>
<!-- Generated by org.testng.reporters.JUnitReportReporter -->
<testsuite skipped="0" hostname="IBM109-PC0GHXE2" name="com.training.sanity.tests.LoginTests" tests="1" failures="0" timestamp="11 Jan 2019 12:11:22 GMT" time="18.185" errors="0">
  <testcase name="validLoginTest" time="18.185" classname="com.training.sanity.tests.LoginTests"/>
</testsuite> <!-- com.training.sanity.tests.LoginTests -->
