<?xml version="1.0" encoding="UTF-8"?>
<!-- Generated by org.testng.reporters.JUnitReportReporter -->
<testsuite skipped="0" hostname="IBM109-PC0GHXE2" name="com.training.sanity.tests.ChangeMemberProfileCheck" tests="2" failures="0" timestamp="14 Jan 2019 06:39:32 GMT" time="7.797" errors="0">
  <testcase name="validLoginTest" time="1.505" classname="com.training.sanity.tests.ChangeMemberProfileCheck"/>
  <testcase name="checkFullName" time="6.292" classname="com.training.sanity.tests.ChangeMemberProfileCheck"/>
</testsuite> <!-- com.training.sanity.tests.ChangeMemberProfileCheck -->
