<?xml version="1.0" encoding="UTF-8"?>
<!-- Generated by org.testng.reporters.JUnitReportReporter -->
<testsuite skipped="0" hostname="IBM109-PC0GHXE2" name="com.training.sanity.tests.CheckMemberAccessDB" tests="4" failures="0" timestamp="30 Jan 2019 12:06:53 GMT" time="26.678" errors="0">
  <testcase name="checkAdminLogin" time="3.014" classname="com.training.sanity.tests.CheckMemberAccessDB"/>
  <testcase name="changePermission" time="8.388" classname="com.training.sanity.tests.CheckMemberAccessDB"/>
  <testcase name="changePermission" time="7.339" classname="com.training.sanity.tests.CheckMemberAccessDB"/>
  <testcase name="changePermission" time="7.937" classname="com.training.sanity.tests.CheckMemberAccessDB"/>
</testsuite> <!-- com.training.sanity.tests.CheckMemberAccessDB -->
