<?xml version="1.0" encoding="UTF-8"?>
<!-- Generated by org.testng.reporters.JUnitReportReporter -->
<testsuite skipped="0" hostname="IBM109-PC0GHXE2" name="com.training.sanity.tests.CheckMemberPerformPaymentCheck" tests="3" failures="0" timestamp="22 Jan 2019 15:46:42 GMT" time="7.883" errors="0">
  <testcase name="checklogin" time="4.077" classname="com.training.sanity.tests.CheckMemberPerformPaymentCheck"/>
  <testcase name="checkPerformPayment" time="3.446" classname="com.training.sanity.tests.CheckMemberPerformPaymentCheck"/>
  <testcase name="checkMemberPayments" time="0.360" classname="com.training.sanity.tests.CheckMemberPerformPaymentCheck"/>
</testsuite> <!-- com.training.sanity.tests.CheckMemberPerformPaymentCheck -->
